<?xml version="1.0" encoding="UTF-8"?>
<!-- Generated by org.testng.reporters.JUnitReportReporter -->
<testsuite hostname="ubitica-12" name="com.mycompany.pruebaselenium.SampleTestNgTest" tests="1" failures="0" timestamp="1 Sep 2015 20:03:14 GMT" time="80.209" errors="0">
  <testcase name="testHomePageHasAHeader" time="80.209" classname="com.mycompany.pruebaselenium.SampleTestNgTest"/>
</testsuite> <!-- com.mycompany.pruebaselenium.SampleTestNgTest -->
