<?xml version="1.0" encoding="UTF-8"?>
<!-- Generated by org.testng.reporters.JUnitReportReporter -->
<testsuite hostname="ubitica-12" name="com.mycompany.pruebaselenium.SampleTestNgTest" tests="1" failures="0" timestamp="26 Aug 2015 18:16:16 GMT" time="22.244" errors="0">
  <testcase name="testHomePageHasAHeader" time="22.244" classname="com.mycompany.pruebaselenium.SampleTestNgTest"/>
</testsuite> <!-- com.mycompany.pruebaselenium.SampleTestNgTest -->
