<?xml version="1.0" encoding="UTF-8"?>
<!-- Generated by org.testng.reporters.JUnitReportReporter -->
<testsuite hostname="ubitica-12" name="com.mycompany.pruebaselenium.SampleTestNgTest" tests="1" failures="0" timestamp="26 Aug 2015 19:41:32 GMT" time="74.526" errors="0">
  <testcase name="testHomePageHasAHeader" time="74.526" classname="com.mycompany.pruebaselenium.SampleTestNgTest"/>
</testsuite> <!-- com.mycompany.pruebaselenium.SampleTestNgTest -->
