<?xml version="1.0" encoding="UTF-8"?>
<!-- Generated by org.testng.reporters.JUnitReportReporter -->
<testsuite hostname="ubitica-12" name="com.mycompany.pruebaselenium.SampleTestNgTest" tests="1" failures="0" timestamp="1 Sep 2015 19:06:13 GMT" time="48.045" errors="0">
  <testcase name="testHomePageHasAHeader" time="48.045" classname="com.mycompany.pruebaselenium.SampleTestNgTest"/>
</testsuite> <!-- com.mycompany.pruebaselenium.SampleTestNgTest -->
