<?xml version="1.0" encoding="UTF-8"?>
<!-- Generated by org.testng.reporters.JUnitReportReporter -->
<testsuite hostname="ubitica-12" name="com.mycompany.pruebaselenium.SampleTestNgTest" tests="1" failures="0" timestamp="31 Aug 2015 18:34:05 GMT" time="15.264" errors="0">
  <testcase name="testHomePageHasAHeader" time="15.264" classname="com.mycompany.pruebaselenium.SampleTestNgTest"/>
</testsuite> <!-- com.mycompany.pruebaselenium.SampleTestNgTest -->
